Determining if files windows.h exist failed with the following output:
Change Dir: /home/hogne/Projects/friendup/libs-ext/libssh2/build/CMakeFiles/CMakeTmp

Run Build Command(s):/usr/bin/make cmTC_eb273/fast && make[2]: Entering directory '/home/hogne/Projects/friendup/libs-ext/libssh2/build/CMakeFiles/CMakeTmp'
/usr/bin/make -f CMakeFiles/cmTC_eb273.dir/build.make CMakeFiles/cmTC_eb273.dir/build
make[3]: Entering directory '/home/hogne/Projects/friendup/libs-ext/libssh2/build/CMakeFiles/CMakeTmp'
Building C object CMakeFiles/cmTC_eb273.dir/HAVE_WINDOWS_H.c.o
/usr/bin/cc   -fPIC -Wall    -o CMakeFiles/cmTC_eb273.dir/HAVE_WINDOWS_H.c.o   -c /home/hogne/Projects/friendup/libs-ext/libssh2/build/CMakeFiles/CheckIncludeFiles/HAVE_WINDOWS_H.c
/home/hogne/Projects/friendup/libs-ext/libssh2/build/CMakeFiles/CheckIncludeFiles/HAVE_WINDOWS_H.c:2:10: fatal error: windows.h: No such file or directory
    2 | #include <windows.h>
      |          ^~~~~~~~~~~
compilation terminated.
make[3]: *** [CMakeFiles/cmTC_eb273.dir/build.make:66: CMakeFiles/cmTC_eb273.dir/HAVE_WINDOWS_H.c.o] Error 1
make[3]: Leaving directory '/home/hogne/Projects/friendup/libs-ext/libssh2/build/CMakeFiles/CMakeTmp'
make[2]: *** [Makefile:121: cmTC_eb273/fast] Error 2
make[2]: Leaving directory '/home/hogne/Projects/friendup/libs-ext/libssh2/build/CMakeFiles/CMakeTmp'


Source:
/* */
#include <windows.h>


int main(void){return 0;}

Determining if files ws2tcpip.h exist failed with the following output:
Change Dir: /home/hogne/Projects/friendup/libs-ext/libssh2/build/CMakeFiles/CMakeTmp

Run Build Command(s):/usr/bin/make cmTC_373ab/fast && make[2]: Entering directory '/home/hogne/Projects/friendup/libs-ext/libssh2/build/CMakeFiles/CMakeTmp'
/usr/bin/make -f CMakeFiles/cmTC_373ab.dir/build.make CMakeFiles/cmTC_373ab.dir/build
make[3]: Entering directory '/home/hogne/Projects/friendup/libs-ext/libssh2/build/CMakeFiles/CMakeTmp'
Building C object CMakeFiles/cmTC_373ab.dir/HAVE_WS2TCPIP_H.c.o
/usr/bin/cc   -fPIC -Wall    -o CMakeFiles/cmTC_373ab.dir/HAVE_WS2TCPIP_H.c.o   -c /home/hogne/Projects/friendup/libs-ext/libssh2/build/CMakeFiles/CheckIncludeFiles/HAVE_WS2TCPIP_H.c
/home/hogne/Projects/friendup/libs-ext/libssh2/build/CMakeFiles/CheckIncludeFiles/HAVE_WS2TCPIP_H.c:2:10: fatal error: ws2tcpip.h: No such file or directory
    2 | #include <ws2tcpip.h>
      |          ^~~~~~~~~~~~
compilation terminated.
make[3]: *** [CMakeFiles/cmTC_373ab.dir/build.make:66: CMakeFiles/cmTC_373ab.dir/HAVE_WS2TCPIP_H.c.o] Error 1
make[3]: Leaving directory '/home/hogne/Projects/friendup/libs-ext/libssh2/build/CMakeFiles/CMakeTmp'
make[2]: *** [Makefile:121: cmTC_373ab/fast] Error 2
make[2]: Leaving directory '/home/hogne/Projects/friendup/libs-ext/libssh2/build/CMakeFiles/CMakeTmp'


Source:
/* */
#include <ws2tcpip.h>


int main(void){return 0;}

Determining if files winsock2.h exist failed with the following output:
Change Dir: /home/hogne/Projects/friendup/libs-ext/libssh2/build/CMakeFiles/CMakeTmp

Run Build Command(s):/usr/bin/make cmTC_22f85/fast && make[2]: Entering directory '/home/hogne/Projects/friendup/libs-ext/libssh2/build/CMakeFiles/CMakeTmp'
/usr/bin/make -f CMakeFiles/cmTC_22f85.dir/build.make CMakeFiles/cmTC_22f85.dir/build
make[3]: Entering directory '/home/hogne/Projects/friendup/libs-ext/libssh2/build/CMakeFiles/CMakeTmp'
Building C object CMakeFiles/cmTC_22f85.dir/HAVE_WINSOCK2_H.c.o
/usr/bin/cc   -fPIC -Wall    -o CMakeFiles/cmTC_22f85.dir/HAVE_WINSOCK2_H.c.o   -c /home/hogne/Projects/friendup/libs-ext/libssh2/build/CMakeFiles/CheckIncludeFiles/HAVE_WINSOCK2_H.c
/home/hogne/Projects/friendup/libs-ext/libssh2/build/CMakeFiles/CheckIncludeFiles/HAVE_WINSOCK2_H.c:2:10: fatal error: winsock2.h: No such file or directory
    2 | #include <winsock2.h>
      |          ^~~~~~~~~~~~
compilation terminated.
make[3]: *** [CMakeFiles/cmTC_22f85.dir/build.make:66: CMakeFiles/cmTC_22f85.dir/HAVE_WINSOCK2_H.c.o] Error 1
make[3]: Leaving directory '/home/hogne/Projects/friendup/libs-ext/libssh2/build/CMakeFiles/CMakeTmp'
make[2]: *** [Makefile:121: cmTC_22f85/fast] Error 2
make[2]: Leaving directory '/home/hogne/Projects/friendup/libs-ext/libssh2/build/CMakeFiles/CMakeTmp'


Source:
/* */
#include <winsock2.h>


int main(void){return 0;}

Determining if the memset_s exist failed with the following output:
Change Dir: /home/hogne/Projects/friendup/libs-ext/libssh2/build/CMakeFiles/CMakeTmp

Run Build Command(s):/usr/bin/make cmTC_2990a/fast && make[2]: Entering directory '/home/hogne/Projects/friendup/libs-ext/libssh2/build/CMakeFiles/CMakeTmp'
/usr/bin/make -f CMakeFiles/cmTC_2990a.dir/build.make CMakeFiles/cmTC_2990a.dir/build
make[3]: Entering directory '/home/hogne/Projects/friendup/libs-ext/libssh2/build/CMakeFiles/CMakeTmp'
Building C object CMakeFiles/cmTC_2990a.dir/CheckSymbolExists.c.o
/usr/bin/cc   -fPIC -Wall    -o CMakeFiles/cmTC_2990a.dir/CheckSymbolExists.c.o   -c /home/hogne/Projects/friendup/libs-ext/libssh2/build/CMakeFiles/CMakeTmp/CheckSymbolExists.c
/home/hogne/Projects/friendup/libs-ext/libssh2/build/CMakeFiles/CMakeTmp/CheckSymbolExists.c: In function ‘main’:
/home/hogne/Projects/friendup/libs-ext/libssh2/build/CMakeFiles/CMakeTmp/CheckSymbolExists.c:8:19: error: ‘memset_s’ undeclared (first use in this function); did you mean ‘memset’?
    8 |   return ((int*)(&memset_s))[argc];
      |                   ^~~~~~~~
      |                   memset
/home/hogne/Projects/friendup/libs-ext/libssh2/build/CMakeFiles/CMakeTmp/CheckSymbolExists.c:8:19: note: each undeclared identifier is reported only once for each function it appears in
make[3]: *** [CMakeFiles/cmTC_2990a.dir/build.make:66: CMakeFiles/cmTC_2990a.dir/CheckSymbolExists.c.o] Error 1
make[3]: Leaving directory '/home/hogne/Projects/friendup/libs-ext/libssh2/build/CMakeFiles/CMakeTmp'
make[2]: *** [Makefile:121: cmTC_2990a/fast] Error 2
make[2]: Leaving directory '/home/hogne/Projects/friendup/libs-ext/libssh2/build/CMakeFiles/CMakeTmp'


File /home/hogne/Projects/friendup/libs-ext/libssh2/build/CMakeFiles/CMakeTmp/CheckSymbolExists.c:
/* */
#include <string.h>

int main(int argc, char** argv)
{
  (void)argv;
#ifndef memset_s
  return ((int*)(&memset_s))[argc];
#else
  (void)argc;
  return 0;
#endif
}
Determining if the _stricmp exist failed with the following output:
Change Dir: /home/hogne/Projects/friendup/libs-ext/libssh2/build/CMakeFiles/CMakeTmp

Run Build Command(s):/usr/bin/make cmTC_43a3f/fast && make[2]: Entering directory '/home/hogne/Projects/friendup/libs-ext/libssh2/build/CMakeFiles/CMakeTmp'
/usr/bin/make -f CMakeFiles/cmTC_43a3f.dir/build.make CMakeFiles/cmTC_43a3f.dir/build
make[3]: Entering directory '/home/hogne/Projects/friendup/libs-ext/libssh2/build/CMakeFiles/CMakeTmp'
Building C object CMakeFiles/cmTC_43a3f.dir/CheckSymbolExists.c.o
/usr/bin/cc   -fPIC -Wall    -o CMakeFiles/cmTC_43a3f.dir/CheckSymbolExists.c.o   -c /home/hogne/Projects/friendup/libs-ext/libssh2/build/CMakeFiles/CMakeTmp/CheckSymbolExists.c
/home/hogne/Projects/friendup/libs-ext/libssh2/build/CMakeFiles/CMakeTmp/CheckSymbolExists.c: In function ‘main’:
/home/hogne/Projects/friendup/libs-ext/libssh2/build/CMakeFiles/CMakeTmp/CheckSymbolExists.c:8:19: error: ‘_stricmp’ undeclared (first use in this function); did you mean ‘strncmp’?
    8 |   return ((int*)(&_stricmp))[argc];
      |                   ^~~~~~~~
      |                   strncmp
/home/hogne/Projects/friendup/libs-ext/libssh2/build/CMakeFiles/CMakeTmp/CheckSymbolExists.c:8:19: note: each undeclared identifier is reported only once for each function it appears in
make[3]: *** [CMakeFiles/cmTC_43a3f.dir/build.make:66: CMakeFiles/cmTC_43a3f.dir/CheckSymbolExists.c.o] Error 1
make[3]: Leaving directory '/home/hogne/Projects/friendup/libs-ext/libssh2/build/CMakeFiles/CMakeTmp'
make[2]: *** [Makefile:121: cmTC_43a3f/fast] Error 2
make[2]: Leaving directory '/home/hogne/Projects/friendup/libs-ext/libssh2/build/CMakeFiles/CMakeTmp'


File /home/hogne/Projects/friendup/libs-ext/libssh2/build/CMakeFiles/CMakeTmp/CheckSymbolExists.c:
/* */
#include <string.h>

int main(int argc, char** argv)
{
  (void)argv;
#ifndef _stricmp
  return ((int*)(&_stricmp))[argc];
#else
  (void)argc;
  return 0;
#endif
}
Determining if the _snprintf exist failed with the following output:
Change Dir: /home/hogne/Projects/friendup/libs-ext/libssh2/build/CMakeFiles/CMakeTmp

Run Build Command(s):/usr/bin/make cmTC_63979/fast && make[2]: Entering directory '/home/hogne/Projects/friendup/libs-ext/libssh2/build/CMakeFiles/CMakeTmp'
/usr/bin/make -f CMakeFiles/cmTC_63979.dir/build.make CMakeFiles/cmTC_63979.dir/build
make[3]: Entering directory '/home/hogne/Projects/friendup/libs-ext/libssh2/build/CMakeFiles/CMakeTmp'
Building C object CMakeFiles/cmTC_63979.dir/CheckSymbolExists.c.o
/usr/bin/cc   -fPIC -Wall    -o CMakeFiles/cmTC_63979.dir/CheckSymbolExists.c.o   -c /home/hogne/Projects/friendup/libs-ext/libssh2/build/CMakeFiles/CMakeTmp/CheckSymbolExists.c
/home/hogne/Projects/friendup/libs-ext/libssh2/build/CMakeFiles/CMakeTmp/CheckSymbolExists.c: In function ‘main’:
/home/hogne/Projects/friendup/libs-ext/libssh2/build/CMakeFiles/CMakeTmp/CheckSymbolExists.c:8:19: error: ‘_snprintf’ undeclared (first use in this function); did you mean ‘vsnprintf’?
    8 |   return ((int*)(&_snprintf))[argc];
      |                   ^~~~~~~~~
      |                   vsnprintf
/home/hogne/Projects/friendup/libs-ext/libssh2/build/CMakeFiles/CMakeTmp/CheckSymbolExists.c:8:19: note: each undeclared identifier is reported only once for each function it appears in
make[3]: *** [CMakeFiles/cmTC_63979.dir/build.make:66: CMakeFiles/cmTC_63979.dir/CheckSymbolExists.c.o] Error 1
make[3]: Leaving directory '/home/hogne/Projects/friendup/libs-ext/libssh2/build/CMakeFiles/CMakeTmp'
make[2]: *** [Makefile:121: cmTC_63979/fast] Error 2
make[2]: Leaving directory '/home/hogne/Projects/friendup/libs-ext/libssh2/build/CMakeFiles/CMakeTmp'


File /home/hogne/Projects/friendup/libs-ext/libssh2/build/CMakeFiles/CMakeTmp/CheckSymbolExists.c:
/* */
#include <stdio.h>

int main(int argc, char** argv)
{
  (void)argv;
#ifndef _snprintf
  return ((int*)(&_snprintf))[argc];
#else
  (void)argc;
  return 0;
#endif
}
